

[WARN ] 2019-04-17 19:27:58,020 method:org.apache.curator.framework.state.ConnectionStateManager.checkSessionExpiration(ConnectionStateManager.java:307)
Session timeout has elapsed while SUSPENDED. Injecting a session expiration. Elapsed ms: 40966. Adjusted session timeout ms: 40000


[WARN ] 2019-04-17 19:27:58,211 method:org.apache.curator.framework.state.ConnectionStateManager.checkSessionExpiration(ConnectionStateManager.java:307)
Session timeout has elapsed while SUSPENDED. Injecting a session expiration. Elapsed ms: 41157. Adjusted session timeout ms: 40000


[WARN ] 2019-04-17 19:27:58,211 method:org.apache.curator.framework.state.ConnectionStateManager.checkSessionExpiration(ConnectionStateManager.java:307)
Session timeout has elapsed while SUSPENDED. Injecting a session expiration. Elapsed ms: 41157. Adjusted session timeout ms: 40000


[WARN ] 2019-04-17 19:27:58,212 method:org.apache.curator.framework.state.ConnectionStateManager.checkSessionExpiration(ConnectionStateManager.java:307)
Session timeout has elapsed while SUSPENDED. Injecting a session expiration. Elapsed ms: 41158. Adjusted session timeout ms: 40000


[WARN ] 2019-04-17 19:27:58,212 method:org.apache.curator.framework.state.ConnectionStateManager.checkSessionExpiration(ConnectionStateManager.java:307)
Session timeout has elapsed while SUSPENDED. Injecting a session expiration. Elapsed ms: 41158. Adjusted session timeout ms: 40000


[WARN ] 2019-04-17 19:27:58,223 method:org.apache.curator.framework.state.ConnectionStateManager.checkSessionExpiration(ConnectionStateManager.java:307)
Session timeout has elapsed while SUSPENDED. Injecting a session expiration. Elapsed ms: 41158. Adjusted session timeout ms: 40000


[WARN ] 2019-04-17 19:27:58,223 method:org.apache.curator.framework.state.ConnectionStateManager.checkSessionExpiration(ConnectionStateManager.java:307)
Session timeout has elapsed while SUSPENDED. Injecting a session expiration. Elapsed ms: 41169. Adjusted session timeout ms: 40000


[WARN ] 2019-04-17 19:27:58,223 method:org.apache.curator.framework.state.ConnectionStateManager.checkSessionExpiration(ConnectionStateManager.java:307)
Session timeout has elapsed while SUSPENDED. Injecting a session expiration. Elapsed ms: 41169. Adjusted session timeout ms: 40000


[WARN ] 2019-04-17 19:27:58,223 method:org.apache.curator.framework.state.ConnectionStateManager.checkSessionExpiration(ConnectionStateManager.java:307)
Session timeout has elapsed while SUSPENDED. Injecting a session expiration. Elapsed ms: 41169. Adjusted session timeout ms: 40000


[WARN ] 2019-04-17 19:27:58,224 method:org.apache.curator.framework.state.ConnectionStateManager.checkSessionExpiration(ConnectionStateManager.java:307)
Session timeout has elapsed while SUSPENDED. Injecting a session expiration. Elapsed ms: 41170. Adjusted session timeout ms: 40000


[WARN ] 2019-04-17 19:27:58,224 method:org.apache.curator.framework.state.ConnectionStateManager.checkSessionExpiration(ConnectionStateManager.java:307)
Session timeout has elapsed while SUSPENDED. Injecting a session expiration. Elapsed ms: 41170. Adjusted session timeout ms: 40000


[WARN ] 2019-04-17 19:27:58,224 method:org.apache.curator.framework.state.ConnectionStateManager.checkSessionExpiration(ConnectionStateManager.java:307)
Session timeout has elapsed while SUSPENDED. Injecting a session expiration. Elapsed ms: 41170. Adjusted session timeout ms: 40000


[WARN ] 2019-04-17 19:27:58,224 method:org.apache.curator.framework.state.ConnectionStateManager.checkSessionExpiration(ConnectionStateManager.java:307)
Session timeout has elapsed while SUSPENDED. Injecting a session expiration. Elapsed ms: 41170. Adjusted session timeout ms: 40000


[WARN ] 2019-04-17 19:27:58,224 method:org.apache.curator.framework.state.ConnectionStateManager.checkSessionExpiration(ConnectionStateManager.java:307)
Session timeout has elapsed while SUSPENDED. Injecting a session expiration. Elapsed ms: 41170. Adjusted session timeout ms: 40000


[WARN ] 2019-04-17 19:27:58,224 method:org.apache.curator.framework.state.ConnectionStateManager.checkSessionExpiration(ConnectionStateManager.java:307)
Session timeout has elapsed while SUSPENDED. Injecting a session expiration. Elapsed ms: 41170. Adjusted session timeout ms: 40000


[WARN ] 2019-04-17 19:27:58,224 method:org.apache.curator.framework.state.ConnectionStateManager.checkSessionExpiration(ConnectionStateManager.java:307)
Session timeout has elapsed while SUSPENDED. Injecting a session expiration. Elapsed ms: 41170. Adjusted session timeout ms: 40000


[WARN ] 2019-04-17 19:27:58,225 method:org.apache.curator.framework.state.ConnectionStateManager.checkSessionExpiration(ConnectionStateManager.java:307)
Session timeout has elapsed while SUSPENDED. Injecting a session expiration. Elapsed ms: 41171. Adjusted session timeout ms: 40000


[WARN ] 2019-04-17 19:27:58,225 method:org.apache.curator.framework.state.ConnectionStateManager.checkSessionExpiration(ConnectionStateManager.java:307)
Session timeout has elapsed while SUSPENDED. Injecting a session expiration. Elapsed ms: 41171. Adjusted session timeout ms: 40000


[WARN ] 2019-04-17 19:27:58,225 method:org.apache.curator.framework.state.ConnectionStateManager.checkSessionExpiration(ConnectionStateManager.java:307)
Session timeout has elapsed while SUSPENDED. Injecting a session expiration. Elapsed ms: 41171. Adjusted session timeout ms: 40000


[WARN ] 2019-04-17 19:27:58,225 method:org.apache.curator.framework.state.ConnectionStateManager.checkSessionExpiration(ConnectionStateManager.java:307)
Session timeout has elapsed while SUSPENDED. Injecting a session expiration. Elapsed ms: 41171. Adjusted session timeout ms: 40000


[WARN ] 2019-04-17 19:27:58,225 method:org.apache.curator.framework.state.ConnectionStateManager.checkSessionExpiration(ConnectionStateManager.java:307)
Session timeout has elapsed while SUSPENDED. Injecting a session expiration. Elapsed ms: 41171. Adjusted session timeout ms: 40000


[WARN ] 2019-04-17 19:27:58,225 method:org.apache.curator.framework.state.ConnectionStateManager.checkSessionExpiration(ConnectionStateManager.java:307)
Session timeout has elapsed while SUSPENDED. Injecting a session expiration. Elapsed ms: 41171. Adjusted session timeout ms: 40000


[WARN ] 2019-04-17 19:27:58,226 method:org.apache.curator.framework.state.ConnectionStateManager.checkSessionExpiration(ConnectionStateManager.java:307)
Session timeout has elapsed while SUSPENDED. Injecting a session expiration. Elapsed ms: 41171. Adjusted session timeout ms: 40000


[WARN ] 2019-04-17 19:27:58,267 method:com.alibaba.dubbo.registry.integration.RegistryDirectory.notify(RegistryDirectory.java:200)
 [DUBBO] Unsupported category providers,configurators,routers in notified url: empty://192.168.63.1/cn.ssh.search.service.SearchService?application=ssh-search-web&category=providers,configurators,routers&dubbo=2.0.2&interface=cn.ssh.search.service.SearchService&methods=search&pid=15392&revision=0.0.1-SNAPSHOT&side=consumer&timestamp=1555487571589 from registry 192.168.63.162:2181 to consumer 192.168.63.1, dubbo version: 2.6.5, current host: 192.168.63.1


[WARN ] 2019-04-17 19:27:58,346 method:org.apache.curator.framework.state.ConnectionStateManager.checkSessionExpiration(ConnectionStateManager.java:307)
Session timeout has elapsed while SUSPENDED. Injecting a session expiration. Elapsed ms: 41247. Adjusted session timeout ms: 40000


[INFO ] 2019-04-17 19:27:58,347 method:com.alibaba.dubbo.registry.support.AbstractRegistry.notify(AbstractRegistry.java:387)
 [DUBBO] Notify urls for subscribe url consumer://192.168.63.1/cn.ssh.search.service.SearchService?application=ssh-search-web&category=providers,configurators,routers&dubbo=2.0.2&interface=cn.ssh.search.service.SearchService&methods=search&pid=15392&revision=0.0.1-SNAPSHOT&side=consumer&timestamp=1555487571589, urls: [empty://192.168.63.1/cn.ssh.search.service.SearchService?application=ssh-search-web&category=providers,configurators,routers&dubbo=2.0.2&interface=cn.ssh.search.service.SearchService&methods=search&pid=15392&revision=0.0.1-SNAPSHOT&side=consumer&timestamp=1555487571589], dubbo version: 2.6.5, current host: 192.168.63.1


[WARN ] 2019-04-17 19:27:58,348 method:org.apache.curator.framework.state.ConnectionStateManager.checkSessionExpiration(ConnectionStateManager.java:307)
Session timeout has elapsed while SUSPENDED. Injecting a session expiration. Elapsed ms: 41293. Adjusted session timeout ms: 40000


[WARN ] 2019-04-17 19:27:58,348 method:com.alibaba.dubbo.registry.integration.RegistryDirectory.notify(RegistryDirectory.java:200)
 [DUBBO] Unsupported category providers,configurators,routers in notified url: empty://192.168.63.1/cn.ssh.search.service.SearchService?application=ssh-search-web&category=providers,configurators,routers&dubbo=2.0.2&interface=cn.ssh.search.service.SearchService&methods=search&pid=15392&revision=0.0.1-SNAPSHOT&side=consumer&timestamp=1555487571589 from registry 192.168.63.162:2181 to consumer 192.168.63.1, dubbo version: 2.6.5, current host: 192.168.63.1


[WARN ] 2019-04-17 19:27:58,367 method:org.apache.curator.framework.state.ConnectionStateManager.checkSessionExpiration(ConnectionStateManager.java:307)
Session timeout has elapsed while SUSPENDED. Injecting a session expiration. Elapsed ms: 41294. Adjusted session timeout ms: 40000


[INFO ] 2019-04-17 19:27:58,408 method:com.alibaba.dubbo.registry.support.AbstractRegistry.notify(AbstractRegistry.java:387)
 [DUBBO] Notify urls for subscribe url consumer://192.168.63.1/cn.ssh.search.service.SearchService?application=ssh-search-web&category=providers,configurators,routers&dubbo=2.0.2&interface=cn.ssh.search.service.SearchService&methods=search&pid=15392&revision=0.0.1-SNAPSHOT&side=consumer&timestamp=1555487571589, urls: [empty://192.168.63.1/cn.ssh.search.service.SearchService?application=ssh-search-web&category=providers,configurators,routers&dubbo=2.0.2&interface=cn.ssh.search.service.SearchService&methods=search&pid=15392&revision=0.0.1-SNAPSHOT&side=consumer&timestamp=1555487571589], dubbo version: 2.6.5, current host: 192.168.63.1


[WARN ] 2019-04-17 19:27:58,409 method:org.apache.curator.framework.state.ConnectionStateManager.checkSessionExpiration(ConnectionStateManager.java:307)
Session timeout has elapsed while SUSPENDED. Injecting a session expiration. Elapsed ms: 41354. Adjusted session timeout ms: 40000


[WARN ] 2019-04-17 19:27:58,409 method:org.apache.curator.framework.state.ConnectionStateManager.checkSessionExpiration(ConnectionStateManager.java:307)
Session timeout has elapsed while SUSPENDED. Injecting a session expiration. Elapsed ms: 41355. Adjusted session timeout ms: 40000


[WARN ] 2019-04-17 19:27:58,410 method:org.apache.curator.framework.state.ConnectionStateManager.checkSessionExpiration(ConnectionStateManager.java:307)
Session timeout has elapsed while SUSPENDED. Injecting a session expiration. Elapsed ms: 41356. Adjusted session timeout ms: 40000


[WARN ] 2019-04-17 19:27:58,410 method:org.apache.curator.framework.state.ConnectionStateManager.checkSessionExpiration(ConnectionStateManager.java:307)
Session timeout has elapsed while SUSPENDED. Injecting a session expiration. Elapsed ms: 41356. Adjusted session timeout ms: 40000


[WARN ] 2019-04-17 19:27:58,410 method:org.apache.curator.framework.state.ConnectionStateManager.checkSessionExpiration(ConnectionStateManager.java:307)
Session timeout has elapsed while SUSPENDED. Injecting a session expiration. Elapsed ms: 41356. Adjusted session timeout ms: 40000


[WARN ] 2019-04-17 19:27:58,410 method:org.apache.curator.framework.state.ConnectionStateManager.checkSessionExpiration(ConnectionStateManager.java:307)
Session timeout has elapsed while SUSPENDED. Injecting a session expiration. Elapsed ms: 41356. Adjusted session timeout ms: 40000


[WARN ] 2019-04-17 19:27:58,410 method:org.apache.curator.framework.state.ConnectionStateManager.checkSessionExpiration(ConnectionStateManager.java:307)
Session timeout has elapsed while SUSPENDED. Injecting a session expiration. Elapsed ms: 41356. Adjusted session timeout ms: 40000


[WARN ] 2019-04-17 19:27:58,411 method:org.apache.curator.framework.state.ConnectionStateManager.checkSessionExpiration(ConnectionStateManager.java:307)
Session timeout has elapsed while SUSPENDED. Injecting a session expiration. Elapsed ms: 41357. Adjusted session timeout ms: 40000


[WARN ] 2019-04-17 19:27:58,426 method:com.alibaba.dubbo.registry.integration.RegistryDirectory.notify(RegistryDirectory.java:200)
 [DUBBO] Unsupported category providers,configurators,routers in notified url: empty://192.168.63.1/cn.ssh.search.service.SearchService?application=ssh-search-web&category=providers,configurators,routers&dubbo=2.0.2&interface=cn.ssh.search.service.SearchService&methods=search&pid=15392&revision=0.0.1-SNAPSHOT&side=consumer&timestamp=1555487571589 from registry 192.168.63.162:2181 to consumer 192.168.63.1, dubbo version: 2.6.5, current host: 192.168.63.1


[WARN ] 2019-04-17 19:27:58,481 method:org.apache.curator.framework.state.ConnectionStateManager.checkSessionExpiration(ConnectionStateManager.java:307)
Session timeout has elapsed while SUSPENDED. Injecting a session expiration. Elapsed ms: 41357. Adjusted session timeout ms: 40000


[WARN ] 2019-04-17 19:27:58,482 method:org.apache.curator.ConnectionState.handleExpiredSession(ConnectionState.java:372)
Session expired event received


[WARN ] 2019-04-17 19:27:58,482 method:org.apache.curator.framework.state.ConnectionStateManager.checkSessionExpiration(ConnectionStateManager.java:307)
Session timeout has elapsed while SUSPENDED. Injecting a session expiration. Elapsed ms: 41428. Adjusted session timeout ms: 40000


[INFO ] 2019-04-17 19:27:58,558 method:org.apache.zookeeper.ZooKeeper.<init>(ZooKeeper.java:438)
Initiating client connection, connectString=192.168.63.162:2181 sessionTimeout=60000 watcher=org.apache.curator.ConnectionState@18dd4001


[WARN ] 2019-04-17 19:27:58,682 method:org.apache.curator.ConnectionState.handleExpiredSession(ConnectionState.java:372)
Session expired event received


[INFO ] 2019-04-17 19:27:58,753 method:org.apache.zookeeper.ClientCnxn$SendThread.logStartConnect(ClientCnxn.java:1032)
Opening socket connection to server 192.168.63.162/192.168.63.162:2181. Will not attempt to authenticate using SASL (unknown error)


[INFO ] 2019-04-17 19:27:58,754 method:org.apache.zookeeper.ZooKeeper.<init>(ZooKeeper.java:438)
Initiating client connection, connectString=192.168.63.162:2181 sessionTimeout=60000 watcher=org.apache.curator.ConnectionState@18dd4001


[INFO ] 2019-04-17 19:27:58,752 method:org.apache.curator.framework.state.ConnectionStateManager.postState(ConnectionStateManager.java:237)
State change: LOST


[INFO ] 2019-04-17 19:27:59,096 method:org.apache.zookeeper.ClientCnxn$SendThread.logStartConnect(ClientCnxn.java:1032)
Opening socket connection to server 192.168.63.162/192.168.63.162:2181. Will not attempt to authenticate using SASL (unknown error)


[INFO ] 2019-04-17 19:27:59,213 method:org.apache.zookeeper.ClientCnxn$EventThread.run(ClientCnxn.java:519)
EventThread shut down for session: 0x16a28f055d10051


[INFO ] 2019-04-17 19:27:59,213 method:org.apache.zookeeper.ClientCnxn$EventThread.run(ClientCnxn.java:519)
EventThread shut down for session: 0x0


[WARN ] 2019-04-17 19:28:20,137 method:org.apache.zookeeper.ClientCnxn$SendThread.run(ClientCnxn.java:1162)
Session 0x0 for server null, unexpected error, closing socket connection and attempting reconnect
java.net.ConnectException: Connection timed out: no further information
	at sun.nio.ch.SocketChannelImpl.checkConnect(Native Method)
	at sun.nio.ch.SocketChannelImpl.finishConnect(SocketChannelImpl.java:717)
	at org.apache.zookeeper.ClientCnxnSocketNIO.doTransport(ClientCnxnSocketNIO.java:361)
	at org.apache.zookeeper.ClientCnxn$SendThread.run(ClientCnxn.java:1141)


[INFO ] 2019-04-17 19:28:21,239 method:org.apache.zookeeper.ClientCnxn$SendThread.logStartConnect(ClientCnxn.java:1032)
Opening socket connection to server 192.168.63.162/192.168.63.162:2181. Will not attempt to authenticate using SASL (unknown error)


[WARN ] 2019-04-17 19:28:42,256 method:org.apache.zookeeper.ClientCnxn$SendThread.run(ClientCnxn.java:1162)
Session 0x0 for server null, unexpected error, closing socket connection and attempting reconnect
java.net.ConnectException: Connection timed out: no further information
	at sun.nio.ch.SocketChannelImpl.checkConnect(Native Method)
	at sun.nio.ch.SocketChannelImpl.finishConnect(SocketChannelImpl.java:717)
	at org.apache.zookeeper.ClientCnxnSocketNIO.doTransport(ClientCnxnSocketNIO.java:361)
	at org.apache.zookeeper.ClientCnxn$SendThread.run(ClientCnxn.java:1141)


[INFO ] 2019-04-17 19:28:43,471 method:org.apache.zookeeper.ClientCnxn$SendThread.logStartConnect(ClientCnxn.java:1032)
Opening socket connection to server 192.168.63.162/192.168.63.162:2181. Will not attempt to authenticate using SASL (unknown error)


[WARN ] 2019-04-17 19:29:04,474 method:org.apache.zookeeper.ClientCnxn$SendThread.run(ClientCnxn.java:1162)
Session 0x0 for server null, unexpected error, closing socket connection and attempting reconnect
java.net.ConnectException: Connection timed out: no further information
	at sun.nio.ch.SocketChannelImpl.checkConnect(Native Method)
	at sun.nio.ch.SocketChannelImpl.finishConnect(SocketChannelImpl.java:717)
	at org.apache.zookeeper.ClientCnxnSocketNIO.doTransport(ClientCnxnSocketNIO.java:361)
	at org.apache.zookeeper.ClientCnxn$SendThread.run(ClientCnxn.java:1141)


[INFO ] 2019-04-17 19:29:05,576 method:org.apache.zookeeper.ClientCnxn$SendThread.logStartConnect(ClientCnxn.java:1032)
Opening socket connection to server 192.168.63.162/192.168.63.162:2181. Will not attempt to authenticate using SASL (unknown error)


[INFO ] 2019-04-17 19:29:05,587 method:org.apache.zookeeper.ClientCnxn$SendThread.primeConnection(ClientCnxn.java:876)
Socket connection established to 192.168.63.162/192.168.63.162:2181, initiating session


[INFO ] 2019-04-17 19:29:06,448 method:org.apache.zookeeper.ClientCnxn$SendThread.onConnected(ClientCnxn.java:1299)
Session establishment complete on server 192.168.63.162/192.168.63.162:2181, sessionid = 0x16a28f055d10063, negotiated timeout = 40000


[INFO ] 2019-04-17 19:29:06,449 method:org.apache.curator.framework.state.ConnectionStateManager.postState(ConnectionStateManager.java:237)
State change: RECONNECTED


[INFO ] 2019-04-17 19:29:06,488 method:com.alibaba.dubbo.registry.support.FailbackRegistry.recover(FailbackRegistry.java:289)
 [DUBBO] Recover register url [consumer://192.168.63.1/cn.ssh.search.service.SearchService?application=ssh-search-web&category=consumers&check=false&dubbo=2.0.2&interface=cn.ssh.search.service.SearchService&methods=search&pid=15392&revision=0.0.1-SNAPSHOT&side=consumer&timestamp=1555487571589], dubbo version: 2.6.5, current host: 192.168.63.1


[INFO ] 2019-04-17 19:29:06,690 method:com.alibaba.dubbo.registry.support.FailbackRegistry.recover(FailbackRegistry.java:299)
 [DUBBO] Recover subscribe url [consumer://192.168.63.1/cn.ssh.search.service.SearchService?application=ssh-search-web&category=providers,configurators,routers&dubbo=2.0.2&interface=cn.ssh.search.service.SearchService&methods=search&pid=15392&revision=0.0.1-SNAPSHOT&side=consumer&timestamp=1555487571589], dubbo version: 2.6.5, current host: 192.168.63.1


[INFO ] 2019-04-17 19:29:09,661 method:com.alibaba.dubbo.registry.support.FailbackRegistry.retry(FailbackRegistry.java:316)
 [DUBBO] Retry register [consumer://192.168.63.1/cn.ssh.search.service.SearchService?application=ssh-search-web&category=consumers&check=false&dubbo=2.0.2&interface=cn.ssh.search.service.SearchService&methods=search&pid=15392&revision=0.0.1-SNAPSHOT&side=consumer&timestamp=1555487571589], dubbo version: 2.6.5, current host: 192.168.63.1


[INFO ] 2019-04-17 19:29:10,041 method:com.alibaba.dubbo.registry.support.FailbackRegistry.retry(FailbackRegistry.java:361)
 [DUBBO] Retry subscribe {consumer://192.168.63.1/cn.ssh.search.service.SearchService?application=ssh-search-web&category=providers,configurators,routers&dubbo=2.0.2&interface=cn.ssh.search.service.SearchService&methods=search&pid=15392&revision=0.0.1-SNAPSHOT&side=consumer&timestamp=1555487571589=[com.alibaba.dubbo.registry.integration.RegistryDirectory@4c95d18e]}, dubbo version: 2.6.5, current host: 192.168.63.1


[INFO ] 2019-04-17 19:29:10,439 method:com.alibaba.dubbo.registry.support.AbstractRegistry.notify(AbstractRegistry.java:387)
 [DUBBO] Notify urls for subscribe url consumer://192.168.63.1/cn.ssh.search.service.SearchService?application=ssh-search-web&category=providers,configurators,routers&dubbo=2.0.2&interface=cn.ssh.search.service.SearchService&methods=search&pid=15392&revision=0.0.1-SNAPSHOT&side=consumer&timestamp=1555487571589, urls: [dubbo://192.168.63.1:20882/cn.ssh.search.service.SearchService?anyhost=true&application=ssh-search&bean.name=cn.ssh.search.service.SearchService&dubbo=2.0.2&generic=false&interface=cn.ssh.search.service.SearchService&methods=search&pid=5044&side=provider&timeout=600000&timestamp=1555486600562, empty://192.168.63.1/cn.ssh.search.service.SearchService?application=ssh-search-web&category=configurators&dubbo=2.0.2&interface=cn.ssh.search.service.SearchService&methods=search&pid=15392&revision=0.0.1-SNAPSHOT&side=consumer&timestamp=1555487571589, empty://192.168.63.1/cn.ssh.search.service.SearchService?application=ssh-search-web&category=routers&dubbo=2.0.2&interface=cn.ssh.search.service.SearchService&methods=search&pid=15392&revision=0.0.1-SNAPSHOT&side=consumer&timestamp=1555487571589], dubbo version: 2.6.5, current host: 192.168.63.1
